{"C:\\Users\\jayke\\OneDrive\\Documents\\Desktop\\cosc4353-gp\\backend\\server.js": {"path":"C:\\Users\\jayke\\OneDrive\\Documents\\Desktop\\cosc4353-gp\\backend\\server.js","statementMap":{"0":{"start":{"line":1,"column":16},"end":{"line":1,"column":34}},"1":{"start":{"line":2,"column":13},"end":{"line":2,"column":28}},"2":{"start":{"line":3,"column":12},"end":{"line":3,"column":21}},"3":{"start":{"line":5,"column":0},"end":{"line":5,"column":16}},"4":{"start":{"line":7,"column":0},"end":{"line":9,"column":3}},"5":{"start":{"line":8,"column":4},"end":{"line":8,"column":32}},"6":{"start":{"line":12,"column":19},"end":{"line":12,"column":44}},"7":{"start":{"line":13,"column":25},"end":{"line":13,"column":56}},"8":{"start":{"line":14,"column":26},"end":{"line":14,"column":58}},"9":{"start":{"line":15,"column":25},"end":{"line":15,"column":56}},"10":{"start":{"line":16,"column":14},"end":{"line":16,"column":39}},"11":{"start":{"line":17,"column":22},"end":{"line":17,"column":55}},"12":{"start":{"line":21,"column":0},"end":{"line":21,"column":30}},"13":{"start":{"line":22,"column":0},"end":{"line":22,"column":38}},"14":{"start":{"line":23,"column":0},"end":{"line":23,"column":44}},"15":{"start":{"line":24,"column":0},"end":{"line":24,"column":42}},"16":{"start":{"line":25,"column":0},"end":{"line":25,"column":25}},"17":{"start":{"line":26,"column":0},"end":{"line":26,"column":40}},"18":{"start":{"line":29,"column":13},"end":{"line":29,"column":17}},"19":{"start":{"line":32,"column":15},"end":{"line":34,"column":2}},"20":{"start":{"line":33,"column":4},"end":{"line":33,"column":66}},"21":{"start":{"line":36,"column":0},"end":{"line":36,"column":24}}},"fnMap":{"0":{"name":"(anonymous_0)","decl":{"start":{"line":7,"column":13},"end":{"line":7,"column":14}},"loc":{"start":{"line":7,"column":27},"end":{"line":9,"column":1}},"line":7},"1":{"name":"(anonymous_1)","decl":{"start":{"line":32,"column":32},"end":{"line":32,"column":33}},"loc":{"start":{"line":32,"column":38},"end":{"line":34,"column":1}},"line":32}},"branchMap":{},"s":{"0":5,"1":5,"2":5,"3":5,"4":5,"5":0,"6":5,"7":5,"8":5,"9":5,"10":5,"11":5,"12":5,"13":5,"14":5,"15":5,"16":5,"17":5,"18":5,"19":5,"20":5,"21":5},"f":{"0":0,"1":5},"b":{},"_coverageSchema":"1a1c01bbd47fc00a2c39e90264f33305004495a9","hash":"bb264ea77d1e81006e7a0c569dc425cb2c1bbfc3"}
,"C:\\Users\\jayke\\OneDrive\\Documents\\Desktop\\cosc4353-gp\\backend\\routes\\fuelHistory.js": {"path":"C:\\Users\\jayke\\OneDrive\\Documents\\Desktop\\cosc4353-gp\\backend\\routes\\fuelHistory.js","statementMap":{"0":{"start":{"line":1,"column":16},"end":{"line":1,"column":34}},"1":{"start":{"line":2,"column":15},"end":{"line":2,"column":31}},"2":{"start":{"line":3,"column":19},"end":{"line":3,"column":41}},"3":{"start":{"line":4,"column":0},"end":{"line":4,"column":30}},"4":{"start":{"line":5,"column":0},"end":{"line":5,"column":54}},"5":{"start":{"line":7,"column":13},"end":{"line":48,"column":5}},"6":{"start":{"line":50,"column":0},"end":{"line":52,"column":3}},"7":{"start":{"line":51,"column":4},"end":{"line":51,"column":31}},"8":{"start":{"line":55,"column":0},"end":{"line":95,"column":3}},"9":{"start":{"line":56,"column":20},"end":{"line":56,"column":29}},"10":{"start":{"line":57,"column":26},"end":{"line":93,"column":6}},"11":{"start":{"line":58,"column":22},"end":{"line":58,"column":26}},"12":{"start":{"line":59,"column":8},"end":{"line":91,"column":9}},"13":{"start":{"line":60,"column":12},"end":{"line":90,"column":13}},"14":{"start":{"line":61,"column":16},"end":{"line":64,"column":17}},"15":{"start":{"line":62,"column":20},"end":{"line":62,"column":67}},"16":{"start":{"line":63,"column":20},"end":{"line":63,"column":35}},"17":{"start":{"line":65,"column":16},"end":{"line":65,"column":76}},"18":{"start":{"line":66,"column":19},"end":{"line":90,"column":13}},"19":{"start":{"line":67,"column":16},"end":{"line":70,"column":17}},"20":{"start":{"line":68,"column":20},"end":{"line":68,"column":101}},"21":{"start":{"line":69,"column":20},"end":{"line":69,"column":35}},"22":{"start":{"line":71,"column":16},"end":{"line":71,"column":89}},"23":{"start":{"line":72,"column":19},"end":{"line":90,"column":13}},"24":{"start":{"line":73,"column":16},"end":{"line":73,"column":89}},"25":{"start":{"line":74,"column":18},"end":{"line":90,"column":13}},"26":{"start":{"line":75,"column":16},"end":{"line":78,"column":17}},"27":{"start":{"line":76,"column":20},"end":{"line":76,"column":97}},"28":{"start":{"line":77,"column":20},"end":{"line":77,"column":35}},"29":{"start":{"line":79,"column":16},"end":{"line":79,"column":87}},"30":{"start":{"line":80,"column":19},"end":{"line":90,"column":13}},"31":{"start":{"line":81,"column":16},"end":{"line":81,"column":87}},"32":{"start":{"line":82,"column":19},"end":{"line":90,"column":13}},"33":{"start":{"line":83,"column":16},"end":{"line":86,"column":17}},"34":{"start":{"line":84,"column":20},"end":{"line":84,"column":82}},"35":{"start":{"line":85,"column":20},"end":{"line":85,"column":35}},"36":{"start":{"line":87,"column":16},"end":{"line":87,"column":96}},"37":{"start":{"line":88,"column":19},"end":{"line":90,"column":13}},"38":{"start":{"line":89,"column":16},"end":{"line":89,"column":94}},"39":{"start":{"line":92,"column":8},"end":{"line":92,"column":23}},"40":{"start":{"line":94,"column":4},"end":{"line":94,"column":40}},"41":{"start":{"line":97,"column":0},"end":{"line":97,"column":24}}},"fnMap":{"0":{"name":"(anonymous_0)","decl":{"start":{"line":50,"column":16},"end":{"line":50,"column":17}},"loc":{"start":{"line":50,"column":30},"end":{"line":52,"column":1}},"line":50},"1":{"name":"(anonymous_1)","decl":{"start":{"line":55,"column":22},"end":{"line":55,"column":23}},"loc":{"start":{"line":55,"column":36},"end":{"line":95,"column":1}},"line":55},"2":{"name":"(anonymous_2)","decl":{"start":{"line":57,"column":38},"end":{"line":57,"column":39}},"loc":{"start":{"line":57,"column":46},"end":{"line":93,"column":5}},"line":57}},"branchMap":{"0":{"loc":{"start":{"line":60,"column":12},"end":{"line":90,"column":13}},"type":"if","locations":[{"start":{"line":60,"column":12},"end":{"line":90,"column":13}},{"start":{"line":66,"column":19},"end":{"line":90,"column":13}}],"line":60},"1":{"loc":{"start":{"line":60,"column":16},"end":{"line":60,"column":53}},"type":"binary-expr","locations":[{"start":{"line":60,"column":16},"end":{"line":60,"column":30}},{"start":{"line":60,"column":34},"end":{"line":60,"column":53}}],"line":60},"2":{"loc":{"start":{"line":61,"column":16},"end":{"line":64,"column":17}},"type":"if","locations":[{"start":{"line":61,"column":16},"end":{"line":64,"column":17}},{"start":{},"end":{}}],"line":61},"3":{"loc":{"start":{"line":61,"column":20},"end":{"line":61,"column":83}},"type":"binary-expr","locations":[{"start":{"line":61,"column":20},"end":{"line":61,"column":55}},{"start":{"line":61,"column":59},"end":{"line":61,"column":83}}],"line":61},"4":{"loc":{"start":{"line":65,"column":26},"end":{"line":65,"column":75}},"type":"binary-expr","locations":[{"start":{"line":65,"column":26},"end":{"line":65,"column":33}},{"start":{"line":65,"column":37},"end":{"line":65,"column":75}}],"line":65},"5":{"loc":{"start":{"line":66,"column":19},"end":{"line":90,"column":13}},"type":"if","locations":[{"start":{"line":66,"column":19},"end":{"line":90,"column":13}},{"start":{"line":72,"column":19},"end":{"line":90,"column":13}}],"line":66},"6":{"loc":{"start":{"line":66,"column":23},"end":{"line":66,"column":72}},"type":"binary-expr","locations":[{"start":{"line":66,"column":23},"end":{"line":66,"column":43}},{"start":{"line":66,"column":47},"end":{"line":66,"column":72}}],"line":66},"7":{"loc":{"start":{"line":67,"column":16},"end":{"line":70,"column":17}},"type":"if","locations":[{"start":{"line":67,"column":16},"end":{"line":70,"column":17}},{"start":{},"end":{}}],"line":67},"8":{"loc":{"start":{"line":67,"column":20},"end":{"line":67,"column":108}},"type":"binary-expr","locations":[{"start":{"line":67,"column":20},"end":{"line":67,"column":45}},{"start":{"line":67,"column":49},"end":{"line":67,"column":108}}],"line":67},"9":{"loc":{"start":{"line":71,"column":26},"end":{"line":71,"column":88}},"type":"binary-expr","locations":[{"start":{"line":71,"column":26},"end":{"line":71,"column":33}},{"start":{"line":71,"column":37},"end":{"line":71,"column":88}}],"line":71},"10":{"loc":{"start":{"line":72,"column":19},"end":{"line":90,"column":13}},"type":"if","locations":[{"start":{"line":72,"column":19},"end":{"line":90,"column":13}},{"start":{"line":74,"column":18},"end":{"line":90,"column":13}}],"line":72},"11":{"loc":{"start":{"line":72,"column":23},"end":{"line":72,"column":72}},"type":"binary-expr","locations":[{"start":{"line":72,"column":23},"end":{"line":72,"column":43}},{"start":{"line":72,"column":47},"end":{"line":72,"column":72}}],"line":72},"12":{"loc":{"start":{"line":73,"column":26},"end":{"line":73,"column":88}},"type":"binary-expr","locations":[{"start":{"line":73,"column":26},"end":{"line":73,"column":33}},{"start":{"line":73,"column":37},"end":{"line":73,"column":88}}],"line":73},"13":{"loc":{"start":{"line":74,"column":18},"end":{"line":90,"column":13}},"type":"if","locations":[{"start":{"line":74,"column":18},"end":{"line":90,"column":13}},{"start":{"line":80,"column":19},"end":{"line":90,"column":13}}],"line":74},"14":{"loc":{"start":{"line":74,"column":22},"end":{"line":74,"column":67}},"type":"binary-expr","locations":[{"start":{"line":74,"column":22},"end":{"line":74,"column":40}},{"start":{"line":74,"column":44},"end":{"line":74,"column":67}}],"line":74},"15":{"loc":{"start":{"line":75,"column":16},"end":{"line":78,"column":17}},"type":"if","locations":[{"start":{"line":75,"column":16},"end":{"line":78,"column":17}},{"start":{},"end":{}}],"line":75},"16":{"loc":{"start":{"line":75,"column":20},"end":{"line":75,"column":102}},"type":"binary-expr","locations":[{"start":{"line":75,"column":20},"end":{"line":75,"column":43}},{"start":{"line":75,"column":47},"end":{"line":75,"column":102}}],"line":75},"17":{"loc":{"start":{"line":79,"column":26},"end":{"line":79,"column":86}},"type":"binary-expr","locations":[{"start":{"line":79,"column":26},"end":{"line":79,"column":33}},{"start":{"line":79,"column":37},"end":{"line":79,"column":86}}],"line":79},"18":{"loc":{"start":{"line":80,"column":19},"end":{"line":90,"column":13}},"type":"if","locations":[{"start":{"line":80,"column":19},"end":{"line":90,"column":13}},{"start":{"line":82,"column":19},"end":{"line":90,"column":13}}],"line":80},"19":{"loc":{"start":{"line":80,"column":23},"end":{"line":80,"column":68}},"type":"binary-expr","locations":[{"start":{"line":80,"column":23},"end":{"line":80,"column":41}},{"start":{"line":80,"column":45},"end":{"line":80,"column":68}}],"line":80},"20":{"loc":{"start":{"line":81,"column":26},"end":{"line":81,"column":86}},"type":"binary-expr","locations":[{"start":{"line":81,"column":26},"end":{"line":81,"column":33}},{"start":{"line":81,"column":37},"end":{"line":81,"column":86}}],"line":81},"21":{"loc":{"start":{"line":82,"column":19},"end":{"line":90,"column":13}},"type":"if","locations":[{"start":{"line":82,"column":19},"end":{"line":90,"column":13}},{"start":{"line":88,"column":19},"end":{"line":90,"column":13}}],"line":82},"22":{"loc":{"start":{"line":82,"column":23},"end":{"line":82,"column":70}},"type":"binary-expr","locations":[{"start":{"line":82,"column":23},"end":{"line":82,"column":42}},{"start":{"line":82,"column":46},"end":{"line":82,"column":70}}],"line":82},"23":{"loc":{"start":{"line":83,"column":16},"end":{"line":86,"column":17}},"type":"if","locations":[{"start":{"line":83,"column":16},"end":{"line":86,"column":17}},{"start":{},"end":{}}],"line":83},"24":{"loc":{"start":{"line":83,"column":20},"end":{"line":83,"column":81}},"type":"binary-expr","locations":[{"start":{"line":83,"column":20},"end":{"line":83,"column":42}},{"start":{"line":83,"column":46},"end":{"line":83,"column":81}}],"line":83},"25":{"loc":{"start":{"line":87,"column":26},"end":{"line":87,"column":95}},"type":"binary-expr","locations":[{"start":{"line":87,"column":26},"end":{"line":87,"column":33}},{"start":{"line":87,"column":37},"end":{"line":87,"column":95}}],"line":87},"26":{"loc":{"start":{"line":88,"column":19},"end":{"line":90,"column":13}},"type":"if","locations":[{"start":{"line":88,"column":19},"end":{"line":90,"column":13}},{"start":{},"end":{}}],"line":88},"27":{"loc":{"start":{"line":88,"column":23},"end":{"line":88,"column":66}},"type":"binary-expr","locations":[{"start":{"line":88,"column":23},"end":{"line":88,"column":40}},{"start":{"line":88,"column":44},"end":{"line":88,"column":66}}],"line":88},"28":{"loc":{"start":{"line":89,"column":26},"end":{"line":89,"column":93}},"type":"binary-expr","locations":[{"start":{"line":89,"column":26},"end":{"line":89,"column":33}},{"start":{"line":89,"column":37},"end":{"line":89,"column":93}}],"line":89}},"s":{"0":5,"1":5,"2":5,"3":5,"4":5,"5":5,"6":5,"7":1,"8":5,"9":12,"10":12,"11":48,"12":48,"13":45,"14":7,"15":2,"16":1,"17":5,"18":38,"19":7,"20":2,"21":1,"22":5,"23":31,"24":5,"25":26,"26":7,"27":2,"28":1,"29":5,"30":19,"31":5,"32":14,"33":7,"34":2,"35":1,"36":5,"37":7,"38":7,"39":40,"40":8,"41":5},"f":{"0":1,"1":12,"2":48},"b":{"0":[7,38],"1":[45,7],"2":[2,5],"3":[7,5],"4":[5,5],"5":[7,31],"6":[38,7],"7":[2,5],"8":[7,7],"9":[5,5],"10":[5,26],"11":[31,5],"12":[5,5],"13":[7,19],"14":[26,7],"15":[2,5],"16":[7,7],"17":[5,5],"18":[5,14],"19":[19,5],"20":[5,5],"21":[7,7],"22":[14,7],"23":[2,5],"24":[7,7],"25":[5,5],"26":[7,0],"27":[7,7],"28":[7,7]},"_coverageSchema":"1a1c01bbd47fc00a2c39e90264f33305004495a9","hash":"3b02ab684faeebf79dc8f2a96b262d73550e715e"}
,"C:\\Users\\jayke\\OneDrive\\Documents\\Desktop\\cosc4353-gp\\backend\\routes\\login.js": {"path":"C:\\Users\\jayke\\OneDrive\\Documents\\Desktop\\cosc4353-gp\\backend\\routes\\login.js","statementMap":{"0":{"start":{"line":1,"column":16},"end":{"line":1,"column":34}},"1":{"start":{"line":2,"column":15},"end":{"line":2,"column":31}},"2":{"start":{"line":3,"column":19},"end":{"line":3,"column":41}},"3":{"start":{"line":4,"column":0},"end":{"line":4,"column":30}},"4":{"start":{"line":5,"column":0},"end":{"line":5,"column":54}},"5":{"start":{"line":9,"column":14},"end":{"line":14,"column":1}},"6":{"start":{"line":17,"column":0},"end":{"line":34,"column":3}},"7":{"start":{"line":18,"column":33},"end":{"line":18,"column":41}},"8":{"start":{"line":20,"column":4},"end":{"line":22,"column":5}},"9":{"start":{"line":21,"column":8},"end":{"line":21,"column":61}},"10":{"start":{"line":23,"column":4},"end":{"line":25,"column":5}},"11":{"start":{"line":24,"column":8},"end":{"line":24,"column":61}},"12":{"start":{"line":27,"column":17},"end":{"line":27,"column":32}},"13":{"start":{"line":28,"column":4},"end":{"line":30,"column":5}},"14":{"start":{"line":29,"column":8},"end":{"line":29,"column":68}},"15":{"start":{"line":33,"column":4},"end":{"line":33,"column":56}},"16":{"start":{"line":37,"column":0},"end":{"line":37,"column":24}}},"fnMap":{"0":{"name":"(anonymous_0)","decl":{"start":{"line":17,"column":17},"end":{"line":17,"column":18}},"loc":{"start":{"line":17,"column":31},"end":{"line":34,"column":1}},"line":17}},"branchMap":{"0":{"loc":{"start":{"line":20,"column":4},"end":{"line":22,"column":5}},"type":"if","locations":[{"start":{"line":20,"column":4},"end":{"line":22,"column":5}},{"start":{},"end":{}}],"line":20},"1":{"loc":{"start":{"line":23,"column":4},"end":{"line":25,"column":5}},"type":"if","locations":[{"start":{"line":23,"column":4},"end":{"line":25,"column":5}},{"start":{},"end":{}}],"line":23},"2":{"loc":{"start":{"line":28,"column":4},"end":{"line":30,"column":5}},"type":"if","locations":[{"start":{"line":28,"column":4},"end":{"line":30,"column":5}},{"start":{},"end":{}}],"line":28},"3":{"loc":{"start":{"line":28,"column":8},"end":{"line":28,"column":43}},"type":"binary-expr","locations":[{"start":{"line":28,"column":8},"end":{"line":28,"column":13}},{"start":{"line":28,"column":17},"end":{"line":28,"column":43}}],"line":28}},"s":{"0":5,"1":5,"2":5,"3":5,"4":5,"5":5,"6":5,"7":5,"8":5,"9":1,"10":4,"11":1,"12":3,"13":3,"14":2,"15":1,"16":5},"f":{"0":5},"b":{"0":[1,4],"1":[1,3],"2":[2,1],"3":[3,2]},"_coverageSchema":"1a1c01bbd47fc00a2c39e90264f33305004495a9","hash":"bfd41cf1953852c55bb346fda471f096c53c0ceb"}
,"C:\\Users\\jayke\\OneDrive\\Documents\\Desktop\\cosc4353-gp\\backend\\routes\\profileInfo.js": {"path":"C:\\Users\\jayke\\OneDrive\\Documents\\Desktop\\cosc4353-gp\\backend\\routes\\profileInfo.js","statementMap":{"0":{"start":{"line":1,"column":16},"end":{"line":1,"column":34}},"1":{"start":{"line":2,"column":15},"end":{"line":2,"column":31}},"2":{"start":{"line":3,"column":19},"end":{"line":3,"column":41}},"3":{"start":{"line":4,"column":0},"end":{"line":4,"column":30}},"4":{"start":{"line":5,"column":0},"end":{"line":5,"column":54}},"5":{"start":{"line":8,"column":0},"end":{"line":48,"column":3}},"6":{"start":{"line":9,"column":55},"end":{"line":9,"column":63}},"7":{"start":{"line":10,"column":4},"end":{"line":12,"column":5}},"8":{"start":{"line":11,"column":8},"end":{"line":11,"column":85}},"9":{"start":{"line":13,"column":4},"end":{"line":15,"column":5}},"10":{"start":{"line":14,"column":8},"end":{"line":14,"column":76}},"11":{"start":{"line":16,"column":4},"end":{"line":18,"column":5}},"12":{"start":{"line":17,"column":8},"end":{"line":17,"column":90}},"13":{"start":{"line":19,"column":4},"end":{"line":21,"column":5}},"14":{"start":{"line":20,"column":8},"end":{"line":20,"column":82}},"15":{"start":{"line":22,"column":4},"end":{"line":24,"column":5}},"16":{"start":{"line":23,"column":8},"end":{"line":23,"column":82}},"17":{"start":{"line":25,"column":4},"end":{"line":27,"column":5}},"18":{"start":{"line":26,"column":8},"end":{"line":26,"column":73}},"19":{"start":{"line":28,"column":4},"end":{"line":30,"column":5}},"20":{"start":{"line":29,"column":8},"end":{"line":29,"column":70}},"21":{"start":{"line":31,"column":4},"end":{"line":33,"column":5}},"22":{"start":{"line":32,"column":8},"end":{"line":32,"column":77}},"23":{"start":{"line":34,"column":4},"end":{"line":36,"column":5}},"24":{"start":{"line":35,"column":8},"end":{"line":35,"column":61}},"25":{"start":{"line":37,"column":4},"end":{"line":39,"column":5}},"26":{"start":{"line":38,"column":8},"end":{"line":38,"column":63}},"27":{"start":{"line":40,"column":4},"end":{"line":42,"column":5}},"28":{"start":{"line":41,"column":8},"end":{"line":41,"column":78}},"29":{"start":{"line":43,"column":4},"end":{"line":45,"column":5}},"30":{"start":{"line":44,"column":8},"end":{"line":44,"column":77}},"31":{"start":{"line":47,"column":4},"end":{"line":47,"column":76}},"32":{"start":{"line":51,"column":0},"end":{"line":51,"column":24}}},"fnMap":{"0":{"name":"(anonymous_0)","decl":{"start":{"line":8,"column":17},"end":{"line":8,"column":18}},"loc":{"start":{"line":8,"column":31},"end":{"line":48,"column":1}},"line":8}},"branchMap":{"0":{"loc":{"start":{"line":10,"column":4},"end":{"line":12,"column":5}},"type":"if","locations":[{"start":{"line":10,"column":4},"end":{"line":12,"column":5}},{"start":{},"end":{}}],"line":10},"1":{"loc":{"start":{"line":10,"column":8},"end":{"line":10,"column":68}},"type":"binary-expr","locations":[{"start":{"line":10,"column":8},"end":{"line":10,"column":13}},{"start":{"line":10,"column":17},"end":{"line":10,"column":41}},{"start":{"line":10,"column":45},"end":{"line":10,"column":68}}],"line":10},"2":{"loc":{"start":{"line":13,"column":4},"end":{"line":15,"column":5}},"type":"if","locations":[{"start":{"line":13,"column":4},"end":{"line":15,"column":5}},{"start":{},"end":{}}],"line":13},"3":{"loc":{"start":{"line":16,"column":4},"end":{"line":18,"column":5}},"type":"if","locations":[{"start":{"line":16,"column":4},"end":{"line":18,"column":5}},{"start":{},"end":{}}],"line":16},"4":{"loc":{"start":{"line":16,"column":8},"end":{"line":16,"column":68}},"type":"binary-expr","locations":[{"start":{"line":16,"column":8},"end":{"line":16,"column":13}},{"start":{"line":16,"column":17},"end":{"line":16,"column":41}},{"start":{"line":16,"column":45},"end":{"line":16,"column":68}}],"line":16},"5":{"loc":{"start":{"line":19,"column":4},"end":{"line":21,"column":5}},"type":"if","locations":[{"start":{"line":19,"column":4},"end":{"line":21,"column":5}},{"start":{},"end":{}}],"line":19},"6":{"loc":{"start":{"line":22,"column":4},"end":{"line":24,"column":5}},"type":"if","locations":[{"start":{"line":22,"column":4},"end":{"line":24,"column":5}},{"start":{},"end":{}}],"line":22},"7":{"loc":{"start":{"line":25,"column":4},"end":{"line":27,"column":5}},"type":"if","locations":[{"start":{"line":25,"column":4},"end":{"line":27,"column":5}},{"start":{},"end":{}}],"line":25},"8":{"loc":{"start":{"line":25,"column":8},"end":{"line":25,"column":41}},"type":"binary-expr","locations":[{"start":{"line":25,"column":8},"end":{"line":25,"column":13}},{"start":{"line":25,"column":17},"end":{"line":25,"column":41}}],"line":25},"9":{"loc":{"start":{"line":28,"column":4},"end":{"line":30,"column":5}},"type":"if","locations":[{"start":{"line":28,"column":4},"end":{"line":30,"column":5}},{"start":{},"end":{}}],"line":28},"10":{"loc":{"start":{"line":31,"column":4},"end":{"line":33,"column":5}},"type":"if","locations":[{"start":{"line":31,"column":4},"end":{"line":33,"column":5}},{"start":{},"end":{}}],"line":31},"11":{"loc":{"start":{"line":34,"column":4},"end":{"line":36,"column":5}},"type":"if","locations":[{"start":{"line":34,"column":4},"end":{"line":36,"column":5}},{"start":{},"end":{}}],"line":34},"12":{"loc":{"start":{"line":34,"column":8},"end":{"line":34,"column":41}},"type":"binary-expr","locations":[{"start":{"line":34,"column":8},"end":{"line":34,"column":14}},{"start":{"line":34,"column":18},"end":{"line":34,"column":41}}],"line":34},"13":{"loc":{"start":{"line":37,"column":4},"end":{"line":39,"column":5}},"type":"if","locations":[{"start":{"line":37,"column":4},"end":{"line":39,"column":5}},{"start":{},"end":{}}],"line":37},"14":{"loc":{"start":{"line":37,"column":8},"end":{"line":37,"column":71}},"type":"binary-expr","locations":[{"start":{"line":37,"column":8},"end":{"line":37,"column":16}},{"start":{"line":37,"column":20},"end":{"line":37,"column":45}},{"start":{"line":37,"column":49},"end":{"line":37,"column":71}}],"line":37},"15":{"loc":{"start":{"line":40,"column":4},"end":{"line":42,"column":5}},"type":"if","locations":[{"start":{"line":40,"column":4},"end":{"line":42,"column":5}},{"start":{},"end":{}}],"line":40},"16":{"loc":{"start":{"line":43,"column":4},"end":{"line":45,"column":5}},"type":"if","locations":[{"start":{"line":43,"column":4},"end":{"line":45,"column":5}},{"start":{},"end":{}}],"line":43}},"s":{"0":5,"1":5,"2":5,"3":5,"4":5,"5":5,"6":13,"7":13,"8":1,"9":12,"10":1,"11":11,"12":1,"13":10,"14":1,"15":9,"16":1,"17":8,"18":1,"19":7,"20":1,"21":6,"22":1,"23":5,"24":1,"25":4,"26":1,"27":3,"28":1,"29":2,"30":1,"31":1,"32":5},"f":{"0":13},"b":{"0":[1,12],"1":[13,12,12],"2":[1,11],"3":[1,10],"4":[11,10,10],"5":[1,9],"6":[1,8],"7":[1,7],"8":[8,7],"9":[1,6],"10":[1,5],"11":[1,4],"12":[5,4],"13":[1,3],"14":[4,3,3],"15":[1,2],"16":[1,1]},"_coverageSchema":"1a1c01bbd47fc00a2c39e90264f33305004495a9","hash":"6187246b6e0aedb85aa2e143210ac9099d678b3c"}
,"C:\\Users\\jayke\\OneDrive\\Documents\\Desktop\\cosc4353-gp\\backend\\routes\\quoteCreation.js": {"path":"C:\\Users\\jayke\\OneDrive\\Documents\\Desktop\\cosc4353-gp\\backend\\routes\\quoteCreation.js","statementMap":{"0":{"start":{"line":1,"column":16},"end":{"line":1,"column":34}},"1":{"start":{"line":2,"column":15},"end":{"line":2,"column":31}},"2":{"start":{"line":3,"column":19},"end":{"line":3,"column":41}},"3":{"start":{"line":4,"column":0},"end":{"line":4,"column":30}},"4":{"start":{"line":5,"column":0},"end":{"line":5,"column":54}},"5":{"start":{"line":8,"column":0},"end":{"line":23,"column":3}},"6":{"start":{"line":9,"column":81},"end":{"line":9,"column":89}},"7":{"start":{"line":10,"column":4},"end":{"line":12,"column":5}},"8":{"start":{"line":11,"column":8},"end":{"line":11,"column":98}},"9":{"start":{"line":13,"column":4},"end":{"line":15,"column":5}},"10":{"start":{"line":14,"column":8},"end":{"line":14,"column":85}},"11":{"start":{"line":16,"column":4},"end":{"line":18,"column":5}},"12":{"start":{"line":17,"column":8},"end":{"line":17,"column":89}},"13":{"start":{"line":19,"column":4},"end":{"line":21,"column":5}},"14":{"start":{"line":20,"column":8},"end":{"line":20,"column":96}},"15":{"start":{"line":22,"column":4},"end":{"line":22,"column":76}},"16":{"start":{"line":26,"column":0},"end":{"line":26,"column":24}}},"fnMap":{"0":{"name":"(anonymous_0)","decl":{"start":{"line":8,"column":17},"end":{"line":8,"column":18}},"loc":{"start":{"line":8,"column":31},"end":{"line":23,"column":1}},"line":8}},"branchMap":{"0":{"loc":{"start":{"line":10,"column":4},"end":{"line":12,"column":5}},"type":"if","locations":[{"start":{"line":10,"column":4},"end":{"line":12,"column":5}},{"start":{},"end":{}}],"line":10},"1":{"loc":{"start":{"line":10,"column":7},"end":{"line":10,"column":94}},"type":"binary-expr","locations":[{"start":{"line":10,"column":7},"end":{"line":10,"column":25}},{"start":{"line":10,"column":29},"end":{"line":10,"column":66}},{"start":{"line":10,"column":70},"end":{"line":10,"column":94}}],"line":10},"2":{"loc":{"start":{"line":13,"column":4},"end":{"line":15,"column":5}},"type":"if","locations":[{"start":{"line":13,"column":4},"end":{"line":15,"column":5}},{"start":{},"end":{}}],"line":13},"3":{"loc":{"start":{"line":16,"column":4},"end":{"line":18,"column":5}},"type":"if","locations":[{"start":{"line":16,"column":4},"end":{"line":18,"column":5}},{"start":{},"end":{}}],"line":16},"4":{"loc":{"start":{"line":19,"column":4},"end":{"line":21,"column":5}},"type":"if","locations":[{"start":{"line":19,"column":4},"end":{"line":21,"column":5}},{"start":{},"end":{}}],"line":19},"5":{"loc":{"start":{"line":19,"column":7},"end":{"line":19,"column":91}},"type":"binary-expr","locations":[{"start":{"line":19,"column":7},"end":{"line":19,"column":21}},{"start":{"line":19,"column":25},"end":{"line":19,"column":91}}],"line":19}},"s":{"0":5,"1":5,"2":5,"3":5,"4":5,"5":5,"6":5,"7":5,"8":1,"9":4,"10":0,"11":4,"12":0,"13":4,"14":1,"15":3,"16":5},"f":{"0":5},"b":{"0":[1,4],"1":[5,4,4],"2":[0,4],"3":[0,4],"4":[1,3],"5":[4,3]},"_coverageSchema":"1a1c01bbd47fc00a2c39e90264f33305004495a9","hash":"648891f6ea345cfbc1e4027148d711ea8bdb98c5"}
,"C:\\Users\\jayke\\OneDrive\\Documents\\Desktop\\cosc4353-gp\\backend\\routes\\registration.js": {"path":"C:\\Users\\jayke\\OneDrive\\Documents\\Desktop\\cosc4353-gp\\backend\\routes\\registration.js","statementMap":{"0":{"start":{"line":1,"column":16},"end":{"line":1,"column":34}},"1":{"start":{"line":2,"column":15},"end":{"line":2,"column":31}},"2":{"start":{"line":3,"column":19},"end":{"line":3,"column":41}},"3":{"start":{"line":4,"column":0},"end":{"line":4,"column":30}},"4":{"start":{"line":5,"column":0},"end":{"line":5,"column":54}},"5":{"start":{"line":8,"column":0},"end":{"line":40,"column":3}},"6":{"start":{"line":9,"column":53},"end":{"line":9,"column":61}},"7":{"start":{"line":11,"column":4},"end":{"line":13,"column":5}},"8":{"start":{"line":12,"column":8},"end":{"line":12,"column":63}},"9":{"start":{"line":15,"column":4},"end":{"line":17,"column":5}},"10":{"start":{"line":16,"column":8},"end":{"line":16,"column":71}},"11":{"start":{"line":18,"column":4},"end":{"line":20,"column":5}},"12":{"start":{"line":19,"column":8},"end":{"line":19,"column":77}},"13":{"start":{"line":21,"column":4},"end":{"line":23,"column":5}},"14":{"start":{"line":22,"column":8},"end":{"line":22,"column":80}},"15":{"start":{"line":24,"column":4},"end":{"line":26,"column":5}},"16":{"start":{"line":25,"column":8},"end":{"line":25,"column":77}},"17":{"start":{"line":27,"column":4},"end":{"line":29,"column":5}},"18":{"start":{"line":28,"column":8},"end":{"line":28,"column":80}},"19":{"start":{"line":30,"column":4},"end":{"line":32,"column":5}},"20":{"start":{"line":31,"column":8},"end":{"line":31,"column":70}},"21":{"start":{"line":33,"column":4},"end":{"line":35,"column":5}},"22":{"start":{"line":34,"column":8},"end":{"line":34,"column":82}},"23":{"start":{"line":36,"column":4},"end":{"line":38,"column":5}},"24":{"start":{"line":37,"column":8},"end":{"line":37,"column":80}},"25":{"start":{"line":39,"column":4},"end":{"line":39,"column":57}},"26":{"start":{"line":43,"column":0},"end":{"line":43,"column":24}}},"fnMap":{"0":{"name":"(anonymous_0)","decl":{"start":{"line":8,"column":17},"end":{"line":8,"column":18}},"loc":{"start":{"line":8,"column":31},"end":{"line":40,"column":1}},"line":8}},"branchMap":{"0":{"loc":{"start":{"line":11,"column":4},"end":{"line":13,"column":5}},"type":"if","locations":[{"start":{"line":11,"column":4},"end":{"line":13,"column":5}},{"start":{},"end":{}}],"line":11},"1":{"loc":{"start":{"line":15,"column":4},"end":{"line":17,"column":5}},"type":"if","locations":[{"start":{"line":15,"column":4},"end":{"line":17,"column":5}},{"start":{},"end":{}}],"line":15},"2":{"loc":{"start":{"line":18,"column":4},"end":{"line":20,"column":5}},"type":"if","locations":[{"start":{"line":18,"column":4},"end":{"line":20,"column":5}},{"start":{},"end":{}}],"line":18},"3":{"loc":{"start":{"line":21,"column":4},"end":{"line":23,"column":5}},"type":"if","locations":[{"start":{"line":21,"column":4},"end":{"line":23,"column":5}},{"start":{},"end":{}}],"line":21},"4":{"loc":{"start":{"line":24,"column":4},"end":{"line":26,"column":5}},"type":"if","locations":[{"start":{"line":24,"column":4},"end":{"line":26,"column":5}},{"start":{},"end":{}}],"line":24},"5":{"loc":{"start":{"line":27,"column":4},"end":{"line":29,"column":5}},"type":"if","locations":[{"start":{"line":27,"column":4},"end":{"line":29,"column":5}},{"start":{},"end":{}}],"line":27},"6":{"loc":{"start":{"line":30,"column":4},"end":{"line":32,"column":5}},"type":"if","locations":[{"start":{"line":30,"column":4},"end":{"line":32,"column":5}},{"start":{},"end":{}}],"line":30},"7":{"loc":{"start":{"line":33,"column":4},"end":{"line":35,"column":5}},"type":"if","locations":[{"start":{"line":33,"column":4},"end":{"line":35,"column":5}},{"start":{},"end":{}}],"line":33},"8":{"loc":{"start":{"line":36,"column":4},"end":{"line":38,"column":5}},"type":"if","locations":[{"start":{"line":36,"column":4},"end":{"line":38,"column":5}},{"start":{},"end":{}}],"line":36}},"s":{"0":5,"1":5,"2":5,"3":5,"4":5,"5":5,"6":10,"7":10,"8":1,"9":9,"10":1,"11":8,"12":1,"13":7,"14":1,"15":6,"16":1,"17":5,"18":1,"19":4,"20":1,"21":3,"22":1,"23":2,"24":1,"25":1,"26":5},"f":{"0":10},"b":{"0":[1,9],"1":[1,8],"2":[1,7],"3":[1,6],"4":[1,5],"5":[1,4],"6":[1,3],"7":[1,2],"8":[1,1]},"_coverageSchema":"1a1c01bbd47fc00a2c39e90264f33305004495a9","hash":"4ceeb39c9982bffa1e223f802e82950135b49a47"}
,"C:\\Users\\jayke\\OneDrive\\Documents\\Desktop\\cosc4353-gp\\backend\\routes\\users.js": {"path":"C:\\Users\\jayke\\OneDrive\\Documents\\Desktop\\cosc4353-gp\\backend\\routes\\users.js","statementMap":{"0":{"start":{"line":1,"column":16},"end":{"line":1,"column":34}},"1":{"start":{"line":2,"column":15},"end":{"line":2,"column":31}},"2":{"start":{"line":5,"column":0},"end":{"line":7,"column":3}},"3":{"start":{"line":6,"column":4},"end":{"line":6,"column":35}},"4":{"start":{"line":9,"column":0},"end":{"line":11,"column":3}},"5":{"start":{"line":10,"column":4},"end":{"line":10,"column":39}},"6":{"start":{"line":13,"column":0},"end":{"line":15,"column":3}},"7":{"start":{"line":14,"column":4},"end":{"line":14,"column":39}},"8":{"start":{"line":18,"column":0},"end":{"line":18,"column":24}}},"fnMap":{"0":{"name":"(anonymous_0)","decl":{"start":{"line":5,"column":16},"end":{"line":5,"column":17}},"loc":{"start":{"line":5,"column":30},"end":{"line":7,"column":1}},"line":5},"1":{"name":"(anonymous_1)","decl":{"start":{"line":9,"column":19},"end":{"line":9,"column":20}},"loc":{"start":{"line":9,"column":33},"end":{"line":11,"column":1}},"line":9},"2":{"name":"(anonymous_2)","decl":{"start":{"line":13,"column":19},"end":{"line":13,"column":20}},"loc":{"start":{"line":13,"column":33},"end":{"line":15,"column":1}},"line":13}},"branchMap":{},"s":{"0":5,"1":5,"2":5,"3":0,"4":5,"5":0,"6":5,"7":0,"8":5},"f":{"0":0,"1":0,"2":0},"b":{},"_coverageSchema":"1a1c01bbd47fc00a2c39e90264f33305004495a9","hash":"4d3e69b6dc5d9a00eee79bdd2793f19fc621d259"}
}
