TN:
SF:server.js
FN:7,(anonymous_0)
FN:27,(anonymous_1)
FNF:2
FNH:1
FNDA:0,(anonymous_0)
FNDA:2,(anonymous_1)
DA:1,2
DA:2,2
DA:3,2
DA:5,2
DA:7,2
DA:8,0
DA:12,2
DA:13,2
DA:14,2
DA:15,2
DA:18,2
DA:19,2
DA:20,2
DA:21,2
DA:24,2
DA:27,2
DA:28,2
DA:31,2
LF:18
LH:17
BRF:0
BRH:0
end_of_record
TN:
SF:routes/fuelHistory.js
FN:50,(anonymous_0)
FN:55,(anonymous_1)
FN:57,(anonymous_2)
FNF:3
FNH:0
FNDA:0,(anonymous_0)
FNDA:0,(anonymous_1)
FNDA:0,(anonymous_2)
DA:1,2
DA:2,2
DA:3,2
DA:4,2
DA:5,2
DA:7,2
DA:50,2
DA:51,0
DA:55,2
DA:56,0
DA:57,0
DA:58,0
DA:59,0
DA:60,0
DA:61,0
DA:62,0
DA:63,0
DA:64,0
DA:65,0
DA:66,0
DA:67,0
DA:68,0
DA:69,0
DA:70,0
DA:71,0
DA:72,0
DA:73,0
DA:74,0
DA:77,0
DA:79,0
DA:83,2
LF:31
LH:9
BRDA:61,0,0,0
BRDA:61,0,1,0
BRDA:61,1,0,0
BRDA:61,1,1,0
BRDA:62,2,0,0
BRDA:62,2,1,0
BRDA:63,3,0,0
BRDA:63,3,1,0
BRDA:63,4,0,0
BRDA:63,4,1,0
BRDA:64,5,0,0
BRDA:64,5,1,0
BRDA:65,6,0,0
BRDA:65,6,1,0
BRDA:65,7,0,0
BRDA:65,7,1,0
BRDA:66,8,0,0
BRDA:66,8,1,0
BRDA:67,9,0,0
BRDA:67,9,1,0
BRDA:67,10,0,0
BRDA:67,10,1,0
BRDA:68,11,0,0
BRDA:68,11,1,0
BRDA:69,12,0,0
BRDA:69,12,1,0
BRDA:69,13,0,0
BRDA:69,13,1,0
BRDA:70,14,0,0
BRDA:70,14,1,0
BRDA:71,15,0,0
BRDA:71,15,1,0
BRDA:71,16,0,0
BRDA:71,16,1,0
BRDA:72,17,0,0
BRDA:72,17,1,0
BRDA:73,18,0,0
BRDA:73,18,1,0
BRDA:73,19,0,0
BRDA:73,19,1,0
BRDA:74,20,0,0
BRDA:74,20,1,0
BRF:42
BRH:0
end_of_record
TN:
SF:routes/profileInfo.js
FN:8,(anonymous_0)
FNF:1
FNH:1
FNDA:12,(anonymous_0)
DA:1,2
DA:2,2
DA:3,2
DA:4,2
DA:5,2
DA:8,2
DA:9,12
DA:10,12
DA:11,1
DA:13,11
DA:14,1
DA:16,10
DA:17,1
DA:19,9
DA:20,1
DA:22,8
DA:23,1
DA:25,7
DA:26,1
DA:28,6
DA:29,1
DA:31,5
DA:32,1
DA:34,4
DA:35,1
DA:37,3
DA:38,1
DA:40,2
DA:41,1
DA:43,1
DA:44,1
DA:47,0
DA:51,2
LF:33
LH:32
BRDA:10,0,0,1
BRDA:10,0,1,11
BRDA:10,1,0,12
BRDA:10,1,1,11
BRDA:10,1,2,11
BRDA:13,2,0,1
BRDA:13,2,1,10
BRDA:16,3,0,1
BRDA:16,3,1,9
BRDA:16,4,0,10
BRDA:16,4,1,9
BRDA:16,4,2,9
BRDA:19,5,0,1
BRDA:19,5,1,8
BRDA:22,6,0,1
BRDA:22,6,1,7
BRDA:25,7,0,1
BRDA:25,7,1,6
BRDA:25,8,0,7
BRDA:25,8,1,6
BRDA:28,9,0,1
BRDA:28,9,1,5
BRDA:31,10,0,1
BRDA:31,10,1,4
BRDA:34,11,0,1
BRDA:34,11,1,3
BRDA:34,12,0,4
BRDA:34,12,1,3
BRDA:37,13,0,1
BRDA:37,13,1,2
BRDA:37,14,0,3
BRDA:37,14,1,2
BRDA:37,14,2,2
BRDA:40,15,0,1
BRDA:40,15,1,1
BRDA:43,16,0,1
BRDA:43,16,1,0
BRF:37
BRH:36
end_of_record
TN:
SF:routes/registration.js
FN:8,(anonymous_0)
FNF:1
FNH:1
FNDA:1,(anonymous_0)
DA:1,2
DA:2,2
DA:3,2
DA:4,2
DA:5,2
DA:8,2
DA:9,1
DA:11,1
DA:12,0
DA:15,1
DA:16,1
DA:18,0
DA:19,0
DA:21,0
DA:22,0
DA:24,0
DA:25,0
DA:27,0
DA:31,2
LF:19
LH:11
BRDA:11,0,0,0
BRDA:11,0,1,1
BRDA:15,1,0,1
BRDA:15,1,1,0
BRDA:18,2,0,0
BRDA:18,2,1,0
BRDA:21,3,0,0
BRDA:21,3,1,0
BRDA:24,4,0,0
BRDA:24,4,1,0
BRF:10
BRH:2
end_of_record
TN:
SF:routes/users.js
FN:5,(anonymous_0)
FN:9,(anonymous_1)
FN:13,(anonymous_2)
FNF:3
FNH:0
FNDA:0,(anonymous_0)
FNDA:0,(anonymous_1)
FNDA:0,(anonymous_2)
DA:1,2
DA:2,2
DA:5,2
DA:6,0
DA:9,2
DA:10,0
DA:13,2
DA:14,0
DA:18,2
LF:9
LH:6
BRF:0
BRH:0
end_of_record
