TN:
SF:server.js
FN:7,(anonymous_0)
FN:32,(anonymous_1)
FNF:2
FNH:1
FNDA:0,(anonymous_0)
FNDA:5,(anonymous_1)
DA:1,5
DA:2,5
DA:3,5
DA:5,5
DA:7,5
DA:8,0
DA:12,5
DA:13,5
DA:14,5
DA:15,5
DA:16,5
DA:17,5
DA:21,5
DA:22,5
DA:23,5
DA:24,5
DA:25,5
DA:26,5
DA:29,5
DA:32,5
DA:33,5
DA:36,5
LF:22
LH:21
BRF:0
BRH:0
end_of_record
TN:
SF:routes\fuelHistory.js
FN:50,(anonymous_0)
FN:55,(anonymous_1)
FN:57,(anonymous_2)
FNF:3
FNH:3
FNDA:1,(anonymous_0)
FNDA:12,(anonymous_1)
FNDA:48,(anonymous_2)
DA:1,5
DA:2,5
DA:3,5
DA:4,5
DA:5,5
DA:7,5
DA:50,5
DA:51,1
DA:55,5
DA:56,12
DA:57,12
DA:58,48
DA:59,48
DA:60,45
DA:61,7
DA:62,2
DA:63,1
DA:65,5
DA:66,38
DA:67,7
DA:68,2
DA:69,1
DA:71,5
DA:72,31
DA:73,5
DA:74,26
DA:75,7
DA:76,2
DA:77,1
DA:79,5
DA:80,19
DA:81,5
DA:82,14
DA:83,7
DA:84,2
DA:85,1
DA:87,5
DA:88,7
DA:89,7
DA:92,40
DA:94,8
DA:97,5
LF:42
LH:42
BRDA:60,0,0,7
BRDA:60,0,1,38
BRDA:60,1,0,45
BRDA:60,1,1,7
BRDA:61,2,0,2
BRDA:61,2,1,5
BRDA:61,3,0,7
BRDA:61,3,1,5
BRDA:65,4,0,5
BRDA:65,4,1,5
BRDA:66,5,0,7
BRDA:66,5,1,31
BRDA:66,6,0,38
BRDA:66,6,1,7
BRDA:67,7,0,2
BRDA:67,7,1,5
BRDA:67,8,0,7
BRDA:67,8,1,7
BRDA:71,9,0,5
BRDA:71,9,1,5
BRDA:72,10,0,5
BRDA:72,10,1,26
BRDA:72,11,0,31
BRDA:72,11,1,5
BRDA:73,12,0,5
BRDA:73,12,1,5
BRDA:74,13,0,7
BRDA:74,13,1,19
BRDA:74,14,0,26
BRDA:74,14,1,7
BRDA:75,15,0,2
BRDA:75,15,1,5
BRDA:75,16,0,7
BRDA:75,16,1,7
BRDA:79,17,0,5
BRDA:79,17,1,5
BRDA:80,18,0,5
BRDA:80,18,1,14
BRDA:80,19,0,19
BRDA:80,19,1,5
BRDA:81,20,0,5
BRDA:81,20,1,5
BRDA:82,21,0,7
BRDA:82,21,1,7
BRDA:82,22,0,14
BRDA:82,22,1,7
BRDA:83,23,0,2
BRDA:83,23,1,5
BRDA:83,24,0,7
BRDA:83,24,1,7
BRDA:87,25,0,5
BRDA:87,25,1,5
BRDA:88,26,0,7
BRDA:88,26,1,0
BRDA:88,27,0,7
BRDA:88,27,1,7
BRDA:89,28,0,7
BRDA:89,28,1,7
BRF:58
BRH:57
end_of_record
TN:
SF:routes\login.js
FN:17,(anonymous_0)
FNF:1
FNH:1
FNDA:5,(anonymous_0)
DA:1,5
DA:2,5
DA:3,5
DA:4,5
DA:5,5
DA:9,5
DA:17,5
DA:18,5
DA:20,5
DA:21,1
DA:23,4
DA:24,1
DA:27,3
DA:28,3
DA:29,2
DA:33,1
DA:37,5
LF:17
LH:17
BRDA:20,0,0,1
BRDA:20,0,1,4
BRDA:23,1,0,1
BRDA:23,1,1,3
BRDA:28,2,0,2
BRDA:28,2,1,1
BRDA:28,3,0,3
BRDA:28,3,1,2
BRF:8
BRH:8
end_of_record
TN:
SF:routes\profileInfo.js
FN:8,(anonymous_0)
FNF:1
FNH:1
FNDA:13,(anonymous_0)
DA:1,5
DA:2,5
DA:3,5
DA:4,5
DA:5,5
DA:8,5
DA:9,13
DA:10,13
DA:11,1
DA:13,12
DA:14,1
DA:16,11
DA:17,1
DA:19,10
DA:20,1
DA:22,9
DA:23,1
DA:25,8
DA:26,1
DA:28,7
DA:29,1
DA:31,6
DA:32,1
DA:34,5
DA:35,1
DA:37,4
DA:38,1
DA:40,3
DA:41,1
DA:43,2
DA:44,1
DA:47,1
DA:51,5
LF:33
LH:33
BRDA:10,0,0,1
BRDA:10,0,1,12
BRDA:10,1,0,13
BRDA:10,1,1,12
BRDA:10,1,2,12
BRDA:13,2,0,1
BRDA:13,2,1,11
BRDA:16,3,0,1
BRDA:16,3,1,10
BRDA:16,4,0,11
BRDA:16,4,1,10
BRDA:16,4,2,10
BRDA:19,5,0,1
BRDA:19,5,1,9
BRDA:22,6,0,1
BRDA:22,6,1,8
BRDA:25,7,0,1
BRDA:25,7,1,7
BRDA:25,8,0,8
BRDA:25,8,1,7
BRDA:28,9,0,1
BRDA:28,9,1,6
BRDA:31,10,0,1
BRDA:31,10,1,5
BRDA:34,11,0,1
BRDA:34,11,1,4
BRDA:34,12,0,5
BRDA:34,12,1,4
BRDA:37,13,0,1
BRDA:37,13,1,3
BRDA:37,14,0,4
BRDA:37,14,1,3
BRDA:37,14,2,3
BRDA:40,15,0,1
BRDA:40,15,1,2
BRDA:43,16,0,1
BRDA:43,16,1,1
BRF:37
BRH:37
end_of_record
TN:
SF:routes\quoteCreation.js
FN:8,(anonymous_0)
FNF:1
FNH:1
FNDA:5,(anonymous_0)
DA:1,5
DA:2,5
DA:3,5
DA:4,5
DA:5,5
DA:8,5
DA:9,5
DA:10,5
DA:11,1
DA:13,4
DA:14,0
DA:16,4
DA:17,0
DA:19,4
DA:20,1
DA:22,3
DA:26,5
LF:17
LH:15
BRDA:10,0,0,1
BRDA:10,0,1,4
BRDA:10,1,0,5
BRDA:10,1,1,4
BRDA:10,1,2,4
BRDA:13,2,0,0
BRDA:13,2,1,4
BRDA:16,3,0,0
BRDA:16,3,1,4
BRDA:19,4,0,1
BRDA:19,4,1,3
BRDA:19,5,0,4
BRDA:19,5,1,3
BRF:13
BRH:11
end_of_record
TN:
SF:routes\registration.js
FN:8,(anonymous_0)
FNF:1
FNH:1
FNDA:10,(anonymous_0)
DA:1,5
DA:2,5
DA:3,5
DA:4,5
DA:5,5
DA:8,5
DA:9,10
DA:11,10
DA:12,1
DA:15,9
DA:16,1
DA:18,8
DA:19,1
DA:21,7
DA:22,1
DA:24,6
DA:25,1
DA:27,5
DA:28,1
DA:30,4
DA:31,1
DA:33,3
DA:34,1
DA:36,2
DA:37,1
DA:39,1
DA:43,5
LF:27
LH:27
BRDA:11,0,0,1
BRDA:11,0,1,9
BRDA:15,1,0,1
BRDA:15,1,1,8
BRDA:18,2,0,1
BRDA:18,2,1,7
BRDA:21,3,0,1
BRDA:21,3,1,6
BRDA:24,4,0,1
BRDA:24,4,1,5
BRDA:27,5,0,1
BRDA:27,5,1,4
BRDA:30,6,0,1
BRDA:30,6,1,3
BRDA:33,7,0,1
BRDA:33,7,1,2
BRDA:36,8,0,1
BRDA:36,8,1,1
BRF:18
BRH:18
end_of_record
TN:
SF:routes\users.js
FN:5,(anonymous_0)
FN:9,(anonymous_1)
FN:13,(anonymous_2)
FNF:3
FNH:0
FNDA:0,(anonymous_0)
FNDA:0,(anonymous_1)
FNDA:0,(anonymous_2)
DA:1,5
DA:2,5
DA:5,5
DA:6,0
DA:9,5
DA:10,0
DA:13,5
DA:14,0
DA:18,5
LF:9
LH:6
BRF:0
BRH:0
end_of_record
